<?xml version="1.0" encoding="utf-8"?>
<testsuites>
   <testsuite errors="3" failures="0" name="tests.system.DynamicTableTest" skipped="0"
              tests="3"
              time="7.8182">
      <testcase classname="tests.system.DynamicTableTest" name="testAmend" time="3.298">
         <error>================================================================================
Error occurred in tests.system.DynamicTableTest/testAmend and it did not run to completion.
    ---------
    Error ID:
    ---------
    'MATLAB:noPublicFieldForClass'
    --------------
    Error Details:
    --------------
    Unrecognized property 'vectorindex' for class 'types.core.TimeIntervals'.
    
    Error in types.hdmf_common/DynamicTable (line 26)
    
    Error in types.core/TimeIntervals (line 25)
    
    Error in tests.system.DynamicTableTest/addContainer (line 5)
                file.intervals_trials = types.core.TimeIntervals(...
    
    Error in tests.system.NwbTestInterface/setupMethod (line 26)
                testCase.addContainer(testCase.file);
================================================================================</error>
      </testcase>
      <testcase classname="tests.system.DynamicTableTest" name="testRoundTrip" time="2.3891">
         <error>================================================================================
Error occurred in tests.system.DynamicTableTest/testRoundTrip and it did not run to completion.
    ---------
    Error ID:
    ---------
    'MATLAB:noSuchMethodOrField'
    --------------
    Error Details:
    --------------
    Unrecognized method, property, or field 'vectorindex' for class 'types.core.TimeIntervals'.
    
    Error in types.util.dynamictable.getIndex (line 13)
    vecIndKeys = keys(DynamicTable.vectorindex);
    
    Error in types.util.dynamictable.addVarargRow (line 50)
        vecIndName = types.util.dynamictable.getIndex(DynamicTable, rn);
    
    Error in types.util.dynamictable.addRow (line 48)
        types.util.dynamictable.addVarargRow(DynamicTable, varargin{:});
    
    Error in types.hdmf_common.DynamicTable/addRow (line 95)
            types.util.dynamictable.addRow(obj, varargin{:});
    
    Error in tests.system.DynamicTableTest/addContainer (line 14)
                    file.intervals_trials.addRow(...
    
    Error in tests.system.NwbTestInterface/setupMethod (line 26)
                testCase.addContainer(testCase.file);
================================================================================</error>
      </testcase>
      <testcase classname="tests.system.DynamicTableTest" name="getRowTest" time="2.1311">
         <error>================================================================================
Error occurred in tests.system.DynamicTableTest/getRowTest and it did not run to completion.
    ---------
    Error ID:
    ---------
    'MATLAB:noSuchMethodOrField'
    --------------
    Error Details:
    --------------
    Unrecognized method, property, or field 'vectorindex' for class 'types.core.TimeIntervals'.
    
    Error in types.util.dynamictable.getIndex (line 13)
    vecIndKeys = keys(DynamicTable.vectorindex);
    
    Error in types.util.dynamictable.addVarargRow (line 50)
        vecIndName = types.util.dynamictable.getIndex(DynamicTable, rn);
    
    Error in types.util.dynamictable.addRow (line 48)
        types.util.dynamictable.addVarargRow(DynamicTable, varargin{:});
    
    Error in types.hdmf_common.DynamicTable/addRow (line 95)
            types.util.dynamictable.addRow(obj, varargin{:});
    
    Error in tests.system.DynamicTableTest/addContainer (line 14)
                    file.intervals_trials.addRow(...
    
    Error in tests.system.NwbTestInterface/setupMethod (line 26)
                testCase.addContainer(testCase.file);
================================================================================</error>
      </testcase>
   </testsuite>
   <testsuite errors="3" failures="0" name="tests.system.ElectricalSeriesIOTest" skipped="0"
              tests="3"
              time="6.7142">
      <testcase classname="tests.system.ElectricalSeriesIOTest" name="testRoundTrip"
                time="2.356">
         <error>================================================================================
Error occurred in tests.system.ElectricalSeriesIOTest/testRoundTrip and it did not run to completion.
    ---------
    Error ID:
    ---------
    'MATLAB:noPublicFieldForClass'
    --------------
    Error Details:
    --------------
    Unrecognized property 'vectorindex' for class 'types.hdmf_common.DynamicTable'.
    
    Error in types.hdmf_common/DynamicTable (line 26)
    
    Error in util.createElectrodeTable (line 2)
    table = types.hdmf_common.DynamicTable(...
    
    Error in tests.system.ElectricalSeriesIOTest/addContainer (line 20)
                electrodes = util.createElectrodeTable();
    
    Error in tests.system.NwbTestInterface/setupMethod (line 26)
                testCase.addContainer(testCase.file);
================================================================================</error>
      </testcase>
      <testcase classname="tests.system.ElectricalSeriesIOTest" name="testOutToPyNWB"
                time="2.2185">
         <error>================================================================================
Error occurred in tests.system.ElectricalSeriesIOTest/testOutToPyNWB and it did not run to completion.
    ---------
    Error ID:
    ---------
    'MATLAB:noSuchMethodOrField'
    --------------
    Error Details:
    --------------
    Unrecognized method, property, or field 'vectorindex' for class 'types.hdmf_common.DynamicTable'.
    
    Error in types.util.dynamictable.getIndex (line 13)
    vecIndKeys = keys(DynamicTable.vectorindex);
    
    Error in types.util.dynamictable.addVarargRow (line 50)
        vecIndName = types.util.dynamictable.getIndex(DynamicTable, rn);
    
    Error in types.util.dynamictable.addRow (line 48)
        types.util.dynamictable.addVarargRow(DynamicTable, varargin{:});
    
    Error in types.hdmf_common.DynamicTable/addRow (line 95)
            types.util.dynamictable.addRow(obj, varargin{:});
    
    Error in tests.system.ElectricalSeriesIOTest/addContainer (line 22)
                    electrodes.addRow(...
    
    Error in tests.system.NwbTestInterface/setupMethod (line 26)
                testCase.addContainer(testCase.file);
================================================================================</error>
      </testcase>
      <testcase classname="tests.system.ElectricalSeriesIOTest" name="testInFromPyNWB"
                time="2.1397">
         <error>================================================================================
Error occurred in tests.system.ElectricalSeriesIOTest/testInFromPyNWB and it did not run to completion.
    ---------
    Error ID:
    ---------
    'MATLAB:noSuchMethodOrField'
    --------------
    Error Details:
    --------------
    Unrecognized method, property, or field 'vectorindex' for class 'types.hdmf_common.DynamicTable'.
    
    Error in types.util.dynamictable.getIndex (line 13)
    vecIndKeys = keys(DynamicTable.vectorindex);
    
    Error in types.util.dynamictable.addVarargRow (line 50)
        vecIndName = types.util.dynamictable.getIndex(DynamicTable, rn);
    
    Error in types.util.dynamictable.addRow (line 48)
        types.util.dynamictable.addVarargRow(DynamicTable, varargin{:});
    
    Error in types.hdmf_common.DynamicTable/addRow (line 95)
            types.util.dynamictable.addRow(obj, varargin{:});
    
    Error in tests.system.ElectricalSeriesIOTest/addContainer (line 22)
                    electrodes.addRow(...
    
    Error in tests.system.NwbTestInterface/setupMethod (line 26)
                testCase.addContainer(testCase.file);
================================================================================</error>
      </testcase>
   </testsuite>
   <testsuite errors="0" failures="0" name="tests.system.ElectrodeGroupIOTest" skipped="0"
              tests="1"
              time="2.1166">
      <testcase classname="tests.system.ElectrodeGroupIOTest" name="testRoundTrip"
                time="2.1166"/>
   </testsuite>
</testsuites>